{"C:\\Users\\Матюшина\\OTUS_10_2024\\src\\HW\\askUser.js": {"path":"C:\\Users\\Матюшина\\OTUS_10_2024\\src\\HW\\askUser.js","statementMap":{"0":{"start":{"line":6,"column":14},"end":{"line":6,"column":29}},"1":{"start":{"line":7,"column":19},"end":{"line":7,"column":32}},"2":{"start":{"line":8,"column":14},"end":{"line":8,"column":15}},"3":{"start":{"line":9,"column":2},"end":{"line":11,"column":3}},"4":{"start":{"line":9,"column":15},"end":{"line":9,"column":16}},"5":{"start":{"line":10,"column":4},"end":{"line":10,"column":26}},"6":{"start":{"line":12,"column":2},"end":{"line":12,"column":21}},"7":{"start":{"line":13,"column":2},"end":{"line":13,"column":15}}},"fnMap":{"0":{"name":"askUser1","decl":{"start":{"line":5,"column":16},"end":{"line":5,"column":24}},"loc":{"start":{"line":5,"column":37},"end":{"line":14,"column":1}},"line":5}},"branchMap":{},"s":{"0":3,"1":3,"2":3,"3":3,"4":3,"5":9,"6":3,"7":3},"f":{"0":3},"b":{},"_coverageSchema":"1a1c01bbd47fc00a2c39e90264f33305004495a9","hash":"892cd19b3d9b2993c1f725d11ea22948d5bba336"}
,"C:\\Users\\Матюшина\\OTUS_10_2024\\src\\HW\\howManySimbols.js": {"path":"C:\\Users\\Матюшина\\OTUS_10_2024\\src\\HW\\howManySimbols.js","statementMap":{"0":{"start":{"line":4,"column":17},"end":{"line":4,"column":42}},"1":{"start":{"line":5,"column":2},"end":{"line":5,"column":22}},"2":{"start":{"line":6,"column":2},"end":{"line":6,"column":16}}},"fnMap":{"0":{"name":"howManySimbols","decl":{"start":{"line":3,"column":16},"end":{"line":3,"column":30}},"loc":{"start":{"line":3,"column":43},"end":{"line":7,"column":1}},"line":3}},"branchMap":{},"s":{"0":3,"1":3,"2":3},"f":{"0":3},"b":{},"_coverageSchema":"1a1c01bbd47fc00a2c39e90264f33305004495a9","hash":"5ee1faf37ee5debcf4748e16766ccf98308bbc15"}
,"C:\\Users\\Матюшина\\OTUS_10_2024\\src\\HW\\sum1.js": {"path":"C:\\Users\\Матюшина\\OTUS_10_2024\\src\\HW\\sum1.js","statementMap":{"0":{"start":{"line":3,"column":2},"end":{"line":3,"column":21}},"1":{"start":{"line":4,"column":2},"end":{"line":4,"column":15}},"2":{"start":{"line":7,"column":2},"end":{"line":7,"column":21}},"3":{"start":{"line":8,"column":2},"end":{"line":8,"column":15}}},"fnMap":{"0":{"name":"sum","decl":{"start":{"line":2,"column":16},"end":{"line":2,"column":19}},"loc":{"start":{"line":2,"column":26},"end":{"line":5,"column":1}},"line":2},"1":{"name":"mult","decl":{"start":{"line":6,"column":16},"end":{"line":6,"column":20}},"loc":{"start":{"line":6,"column":27},"end":{"line":9,"column":1}},"line":6}},"branchMap":{},"s":{"0":3,"1":3,"2":3,"3":3},"f":{"0":3,"1":3},"b":{},"_coverageSchema":"1a1c01bbd47fc00a2c39e90264f33305004495a9","hash":"f327c1a2519cbb5c6069a9bf2d00cca144c6ef63"}
,"C:\\Users\\Матюшина\\OTUS_10_2024\\src\\HW2\\circleSquare.js": {"path":"C:\\Users\\Матюшина\\OTUS_10_2024\\src\\HW2\\circleSquare.js","statementMap":{"0":{"start":{"line":3,"column":18},"end":{"line":3,"column":51}},"1":{"start":{"line":4,"column":15},"end":{"line":4,"column":32}},"2":{"start":{"line":5,"column":17},"end":{"line":5,"column":64}},"3":{"start":{"line":6,"column":2},"end":{"line":6,"column":22}},"4":{"start":{"line":7,"column":2},"end":{"line":7,"column":16}}},"fnMap":{"0":{"name":"circleSquare","decl":{"start":{"line":2,"column":16},"end":{"line":2,"column":28}},"loc":{"start":{"line":2,"column":45},"end":{"line":8,"column":1}},"line":2}},"branchMap":{"0":{"loc":{"start":{"line":5,"column":17},"end":{"line":5,"column":64}},"type":"cond-expr","locations":[{"start":{"line":5,"column":34},"end":{"line":5,"column":46}},{"start":{"line":5,"column":49},"end":{"line":5,"column":64}}],"line":5}},"s":{"0":3,"1":3,"2":3,"3":3,"4":3},"f":{"0":3},"b":{"0":[2,1]},"_coverageSchema":"1a1c01bbd47fc00a2c39e90264f33305004495a9","hash":"41dfd9c6e72f6685f4b5904a64f61a01cc1437a0"}
,"C:\\Users\\Матюшина\\OTUS_10_2024\\src\\HW2\\max_min.js": {"path":"C:\\Users\\Матюшина\\OTUS_10_2024\\src\\HW2\\max_min.js","statementMap":{"0":{"start":{"line":3,"column":17},"end":{"line":3,"column":34}},"1":{"start":{"line":4,"column":2},"end":{"line":4,"column":22}},"2":{"start":{"line":5,"column":2},"end":{"line":5,"column":16}}},"fnMap":{"0":{"name":"maxMin1","decl":{"start":{"line":2,"column":16},"end":{"line":2,"column":23}},"loc":{"start":{"line":2,"column":32},"end":{"line":6,"column":1}},"line":2}},"branchMap":{"0":{"loc":{"start":{"line":3,"column":17},"end":{"line":3,"column":34}},"type":"cond-expr","locations":[{"start":{"line":3,"column":27},"end":{"line":3,"column":29}},{"start":{"line":3,"column":32},"end":{"line":3,"column":34}}],"line":3}},"s":{"0":3,"1":3,"2":3},"f":{"0":3},"b":{"0":[1,2]},"_coverageSchema":"1a1c01bbd47fc00a2c39e90264f33305004495a9","hash":"c8beb18bd955404be2e8ed61d573c048d9b35531"}
,"C:\\Users\\Матюшина\\OTUS_10_2024\\src\\HW2\\month.js": {"path":"C:\\Users\\Матюшина\\OTUS_10_2024\\src\\HW2\\month.js","statementMap":{"0":{"start":{"line":5,"column":2},"end":{"line":44,"column":3}},"1":{"start":{"line":7,"column":6},"end":{"line":7,"column":24}},"2":{"start":{"line":8,"column":6},"end":{"line":8,"column":12}},"3":{"start":{"line":10,"column":6},"end":{"line":10,"column":25}},"4":{"start":{"line":11,"column":6},"end":{"line":11,"column":12}},"5":{"start":{"line":13,"column":6},"end":{"line":13,"column":22}},"6":{"start":{"line":14,"column":6},"end":{"line":14,"column":12}},"7":{"start":{"line":16,"column":6},"end":{"line":16,"column":24}},"8":{"start":{"line":17,"column":6},"end":{"line":17,"column":12}},"9":{"start":{"line":19,"column":6},"end":{"line":19,"column":21}},"10":{"start":{"line":20,"column":6},"end":{"line":20,"column":12}},"11":{"start":{"line":22,"column":6},"end":{"line":22,"column":22}},"12":{"start":{"line":23,"column":6},"end":{"line":23,"column":12}},"13":{"start":{"line":25,"column":6},"end":{"line":25,"column":22}},"14":{"start":{"line":26,"column":6},"end":{"line":26,"column":12}},"15":{"start":{"line":28,"column":6},"end":{"line":28,"column":24}},"16":{"start":{"line":29,"column":6},"end":{"line":29,"column":12}},"17":{"start":{"line":31,"column":6},"end":{"line":31,"column":26}},"18":{"start":{"line":32,"column":6},"end":{"line":32,"column":12}},"19":{"start":{"line":34,"column":6},"end":{"line":34,"column":25}},"20":{"start":{"line":35,"column":6},"end":{"line":35,"column":12}},"21":{"start":{"line":37,"column":6},"end":{"line":37,"column":24}},"22":{"start":{"line":38,"column":6},"end":{"line":38,"column":12}},"23":{"start":{"line":40,"column":6},"end":{"line":40,"column":25}},"24":{"start":{"line":41,"column":6},"end":{"line":41,"column":12}},"25":{"start":{"line":43,"column":6},"end":{"line":43,"column":35}},"26":{"start":{"line":45,"column":2},"end":{"line":45,"column":22}},"27":{"start":{"line":46,"column":2},"end":{"line":46,"column":16}},"28":{"start":{"line":48,"column":0},"end":{"line":48,"column":9}}},"fnMap":{"0":{"name":"month","decl":{"start":{"line":3,"column":16},"end":{"line":3,"column":21}},"loc":{"start":{"line":3,"column":35},"end":{"line":47,"column":1}},"line":3}},"branchMap":{"0":{"loc":{"start":{"line":5,"column":2},"end":{"line":44,"column":3}},"type":"switch","locations":[{"start":{"line":6,"column":4},"end":{"line":8,"column":12}},{"start":{"line":9,"column":4},"end":{"line":11,"column":12}},{"start":{"line":12,"column":4},"end":{"line":14,"column":12}},{"start":{"line":15,"column":4},"end":{"line":17,"column":12}},{"start":{"line":18,"column":4},"end":{"line":20,"column":12}},{"start":{"line":21,"column":4},"end":{"line":23,"column":12}},{"start":{"line":24,"column":4},"end":{"line":26,"column":12}},{"start":{"line":27,"column":4},"end":{"line":29,"column":12}},{"start":{"line":30,"column":4},"end":{"line":32,"column":12}},{"start":{"line":33,"column":4},"end":{"line":35,"column":12}},{"start":{"line":36,"column":4},"end":{"line":38,"column":12}},{"start":{"line":39,"column":4},"end":{"line":41,"column":12}},{"start":{"line":42,"column":4},"end":{"line":43,"column":35}}],"line":5}},"s":{"0":4,"1":0,"2":0,"3":1,"4":1,"5":2,"6":2,"7":0,"8":0,"9":0,"10":0,"11":0,"12":0,"13":0,"14":0,"15":0,"16":0,"17":0,"18":0,"19":0,"20":0,"21":0,"22":0,"23":0,"24":0,"25":1,"26":4,"27":4,"28":1},"f":{"0":4},"b":{"0":[0,1,2,0,0,0,0,0,0,0,0,0,1]},"_coverageSchema":"1a1c01bbd47fc00a2c39e90264f33305004495a9","hash":"6ec8fbcce02fcc013c8235777b1496c448807e6a"}
}
