{"C:\\Users\\Матюшина\\OTUS_10_2024\\src\\HW\\askUser.js": {"path":"C:\\Users\\Матюшина\\OTUS_10_2024\\src\\HW\\askUser.js","statementMap":{"0":{"start":{"line":6,"column":14},"end":{"line":6,"column":29}},"1":{"start":{"line":7,"column":19},"end":{"line":7,"column":32}},"2":{"start":{"line":8,"column":14},"end":{"line":8,"column":15}},"3":{"start":{"line":9,"column":2},"end":{"line":11,"column":3}},"4":{"start":{"line":9,"column":15},"end":{"line":9,"column":16}},"5":{"start":{"line":10,"column":4},"end":{"line":10,"column":26}},"6":{"start":{"line":12,"column":2},"end":{"line":12,"column":21}},"7":{"start":{"line":13,"column":2},"end":{"line":13,"column":15}}},"fnMap":{"0":{"name":"askUser1","decl":{"start":{"line":5,"column":16},"end":{"line":5,"column":24}},"loc":{"start":{"line":5,"column":37},"end":{"line":14,"column":1}},"line":5}},"branchMap":{},"s":{"0":3,"1":3,"2":3,"3":3,"4":3,"5":9,"6":3,"7":3},"f":{"0":3},"b":{},"_coverageSchema":"1a1c01bbd47fc00a2c39e90264f33305004495a9","hash":"892cd19b3d9b2993c1f725d11ea22948d5bba336"}
,"C:\\Users\\Матюшина\\OTUS_10_2024\\src\\HW\\howManySimbols.js": {"path":"C:\\Users\\Матюшина\\OTUS_10_2024\\src\\HW\\howManySimbols.js","statementMap":{"0":{"start":{"line":4,"column":17},"end":{"line":4,"column":42}},"1":{"start":{"line":5,"column":2},"end":{"line":5,"column":22}},"2":{"start":{"line":6,"column":2},"end":{"line":6,"column":16}}},"fnMap":{"0":{"name":"howManySimbols","decl":{"start":{"line":3,"column":16},"end":{"line":3,"column":30}},"loc":{"start":{"line":3,"column":43},"end":{"line":7,"column":1}},"line":3}},"branchMap":{},"s":{"0":3,"1":3,"2":3},"f":{"0":3},"b":{},"_coverageSchema":"1a1c01bbd47fc00a2c39e90264f33305004495a9","hash":"5ee1faf37ee5debcf4748e16766ccf98308bbc15"}
,"C:\\Users\\Матюшина\\OTUS_10_2024\\src\\HW\\sum1.js": {"path":"C:\\Users\\Матюшина\\OTUS_10_2024\\src\\HW\\sum1.js","statementMap":{"0":{"start":{"line":3,"column":2},"end":{"line":3,"column":21}},"1":{"start":{"line":4,"column":2},"end":{"line":4,"column":15}},"2":{"start":{"line":7,"column":2},"end":{"line":7,"column":21}},"3":{"start":{"line":8,"column":2},"end":{"line":8,"column":15}}},"fnMap":{"0":{"name":"sum","decl":{"start":{"line":2,"column":16},"end":{"line":2,"column":19}},"loc":{"start":{"line":2,"column":26},"end":{"line":5,"column":1}},"line":2},"1":{"name":"mult","decl":{"start":{"line":6,"column":16},"end":{"line":6,"column":20}},"loc":{"start":{"line":6,"column":27},"end":{"line":9,"column":1}},"line":6}},"branchMap":{},"s":{"0":3,"1":3,"2":3,"3":3},"f":{"0":3,"1":3},"b":{},"_coverageSchema":"1a1c01bbd47fc00a2c39e90264f33305004495a9","hash":"f327c1a2519cbb5c6069a9bf2d00cca144c6ef63"}
,"C:\\Users\\Матюшина\\OTUS_10_2024\\src\\HW10\\src\\regularExpressionFind.js": {"path":"C:\\Users\\Матюшина\\OTUS_10_2024\\src\\HW10\\src\\regularExpressionFind.js","statementMap":{"0":{"start":{"line":3,"column":4},"end":{"line":3,"column":330}},"1":{"start":{"line":4,"column":19},"end":{"line":4,"column":62}},"2":{"start":{"line":7,"column":2},"end":{"line":13,"column":3}},"3":{"start":{"line":8,"column":4},"end":{"line":8,"column":24}},"4":{"start":{"line":9,"column":9},"end":{"line":13,"column":3}},"5":{"start":{"line":10,"column":4},"end":{"line":10,"column":37}},"6":{"start":{"line":12,"column":4},"end":{"line":12,"column":38}},"7":{"start":{"line":14,"column":2},"end":{"line":14,"column":16}}},"fnMap":{"0":{"name":"regularExpressionFind","decl":{"start":{"line":1,"column":16},"end":{"line":1,"column":37}},"loc":{"start":{"line":1,"column":44},"end":{"line":15,"column":1}},"line":1}},"branchMap":{"0":{"loc":{"start":{"line":7,"column":2},"end":{"line":13,"column":3}},"type":"if","locations":[{"start":{"line":7,"column":2},"end":{"line":13,"column":3}},{"start":{"line":9,"column":9},"end":{"line":13,"column":3}}],"line":7},"1":{"loc":{"start":{"line":9,"column":9},"end":{"line":13,"column":3}},"type":"if","locations":[{"start":{"line":9,"column":9},"end":{"line":13,"column":3}},{"start":{"line":11,"column":9},"end":{"line":13,"column":3}}],"line":9}},"s":{"0":3,"1":3,"2":3,"3":1,"4":2,"5":1,"6":1,"7":3},"f":{"0":3},"b":{"0":[1,2],"1":[1,1]},"_coverageSchema":"1a1c01bbd47fc00a2c39e90264f33305004495a9","hash":"552535c15671f894e60a942d02a4f81f39649ab3"}
,"C:\\Users\\Матюшина\\OTUS_10_2024\\src\\HW10\\src\\regularExpressionUI.js": {"path":"C:\\Users\\Матюшина\\OTUS_10_2024\\src\\HW10\\src\\regularExpressionUI.js","statementMap":{"0":{"start":{"line":11,"column":16},"end":{"line":11,"column":47}},"1":{"start":{"line":12,"column":2},"end":{"line":12,"column":19}},"2":{"start":{"line":14,"column":17},"end":{"line":14,"column":49}},"3":{"start":{"line":15,"column":2},"end":{"line":15,"column":33}},"4":{"start":{"line":16,"column":2},"end":{"line":16,"column":20}},"5":{"start":{"line":18,"column":17},"end":{"line":18,"column":49}},"6":{"start":{"line":19,"column":2},"end":{"line":19,"column":49}},"7":{"start":{"line":20,"column":2},"end":{"line":20,"column":20}},"8":{"start":{"line":23,"column":2},"end":{"line":25,"column":5}},"9":{"start":{"line":24,"column":4},"end":{"line":24,"column":74}}},"fnMap":{"0":{"name":"regularExpressionUI","decl":{"start":{"line":10,"column":16},"end":{"line":10,"column":35}},"loc":{"start":{"line":10,"column":40},"end":{"line":26,"column":1}},"line":10},"1":{"name":"(anonymous_1)","decl":{"start":{"line":23,"column":35},"end":{"line":23,"column":36}},"loc":{"start":{"line":23,"column":47},"end":{"line":25,"column":3}},"line":23}},"branchMap":{},"s":{"0":2,"1":2,"2":2,"3":2,"4":2,"5":2,"6":2,"7":2,"8":2,"9":0},"f":{"0":2,"1":0},"b":{},"_coverageSchema":"1a1c01bbd47fc00a2c39e90264f33305004495a9","hash":"49dad2454e721edd944cd1ba148e205c97e86a40"}
,"C:\\Users\\Матюшина\\OTUS_10_2024\\src\\HW2\\circleSquare.js": {"path":"C:\\Users\\Матюшина\\OTUS_10_2024\\src\\HW2\\circleSquare.js","statementMap":{"0":{"start":{"line":3,"column":18},"end":{"line":3,"column":51}},"1":{"start":{"line":4,"column":15},"end":{"line":4,"column":32}},"2":{"start":{"line":5,"column":17},"end":{"line":5,"column":64}},"3":{"start":{"line":6,"column":2},"end":{"line":6,"column":22}},"4":{"start":{"line":7,"column":2},"end":{"line":7,"column":16}}},"fnMap":{"0":{"name":"circleSquare","decl":{"start":{"line":2,"column":16},"end":{"line":2,"column":28}},"loc":{"start":{"line":2,"column":45},"end":{"line":8,"column":1}},"line":2}},"branchMap":{"0":{"loc":{"start":{"line":5,"column":17},"end":{"line":5,"column":64}},"type":"cond-expr","locations":[{"start":{"line":5,"column":34},"end":{"line":5,"column":46}},{"start":{"line":5,"column":49},"end":{"line":5,"column":64}}],"line":5}},"s":{"0":3,"1":3,"2":3,"3":3,"4":3},"f":{"0":3},"b":{"0":[2,1]},"_coverageSchema":"1a1c01bbd47fc00a2c39e90264f33305004495a9","hash":"41dfd9c6e72f6685f4b5904a64f61a01cc1437a0"}
,"C:\\Users\\Матюшина\\OTUS_10_2024\\src\\HW2\\max_min.js": {"path":"C:\\Users\\Матюшина\\OTUS_10_2024\\src\\HW2\\max_min.js","statementMap":{"0":{"start":{"line":3,"column":17},"end":{"line":3,"column":34}},"1":{"start":{"line":4,"column":2},"end":{"line":4,"column":22}},"2":{"start":{"line":5,"column":2},"end":{"line":5,"column":16}}},"fnMap":{"0":{"name":"maxMin1","decl":{"start":{"line":2,"column":16},"end":{"line":2,"column":23}},"loc":{"start":{"line":2,"column":32},"end":{"line":6,"column":1}},"line":2}},"branchMap":{"0":{"loc":{"start":{"line":3,"column":17},"end":{"line":3,"column":34}},"type":"cond-expr","locations":[{"start":{"line":3,"column":27},"end":{"line":3,"column":29}},{"start":{"line":3,"column":32},"end":{"line":3,"column":34}}],"line":3}},"s":{"0":3,"1":3,"2":3},"f":{"0":3},"b":{"0":[1,2]},"_coverageSchema":"1a1c01bbd47fc00a2c39e90264f33305004495a9","hash":"c8beb18bd955404be2e8ed61d573c048d9b35531"}
,"C:\\Users\\Матюшина\\OTUS_10_2024\\src\\HW2\\month.js": {"path":"C:\\Users\\Матюшина\\OTUS_10_2024\\src\\HW2\\month.js","statementMap":{"0":{"start":{"line":5,"column":2},"end":{"line":44,"column":3}},"1":{"start":{"line":7,"column":6},"end":{"line":7,"column":24}},"2":{"start":{"line":8,"column":6},"end":{"line":8,"column":12}},"3":{"start":{"line":10,"column":6},"end":{"line":10,"column":25}},"4":{"start":{"line":11,"column":6},"end":{"line":11,"column":12}},"5":{"start":{"line":13,"column":6},"end":{"line":13,"column":22}},"6":{"start":{"line":14,"column":6},"end":{"line":14,"column":12}},"7":{"start":{"line":16,"column":6},"end":{"line":16,"column":24}},"8":{"start":{"line":17,"column":6},"end":{"line":17,"column":12}},"9":{"start":{"line":19,"column":6},"end":{"line":19,"column":21}},"10":{"start":{"line":20,"column":6},"end":{"line":20,"column":12}},"11":{"start":{"line":22,"column":6},"end":{"line":22,"column":22}},"12":{"start":{"line":23,"column":6},"end":{"line":23,"column":12}},"13":{"start":{"line":25,"column":6},"end":{"line":25,"column":22}},"14":{"start":{"line":26,"column":6},"end":{"line":26,"column":12}},"15":{"start":{"line":28,"column":6},"end":{"line":28,"column":24}},"16":{"start":{"line":29,"column":6},"end":{"line":29,"column":12}},"17":{"start":{"line":31,"column":6},"end":{"line":31,"column":26}},"18":{"start":{"line":32,"column":6},"end":{"line":32,"column":12}},"19":{"start":{"line":34,"column":6},"end":{"line":34,"column":25}},"20":{"start":{"line":35,"column":6},"end":{"line":35,"column":12}},"21":{"start":{"line":37,"column":6},"end":{"line":37,"column":24}},"22":{"start":{"line":38,"column":6},"end":{"line":38,"column":12}},"23":{"start":{"line":40,"column":6},"end":{"line":40,"column":25}},"24":{"start":{"line":41,"column":6},"end":{"line":41,"column":12}},"25":{"start":{"line":43,"column":6},"end":{"line":43,"column":35}},"26":{"start":{"line":45,"column":2},"end":{"line":45,"column":22}},"27":{"start":{"line":46,"column":2},"end":{"line":46,"column":16}}},"fnMap":{"0":{"name":"month","decl":{"start":{"line":3,"column":16},"end":{"line":3,"column":21}},"loc":{"start":{"line":3,"column":35},"end":{"line":47,"column":1}},"line":3}},"branchMap":{"0":{"loc":{"start":{"line":5,"column":2},"end":{"line":44,"column":3}},"type":"switch","locations":[{"start":{"line":6,"column":4},"end":{"line":8,"column":12}},{"start":{"line":9,"column":4},"end":{"line":11,"column":12}},{"start":{"line":12,"column":4},"end":{"line":14,"column":12}},{"start":{"line":15,"column":4},"end":{"line":17,"column":12}},{"start":{"line":18,"column":4},"end":{"line":20,"column":12}},{"start":{"line":21,"column":4},"end":{"line":23,"column":12}},{"start":{"line":24,"column":4},"end":{"line":26,"column":12}},{"start":{"line":27,"column":4},"end":{"line":29,"column":12}},{"start":{"line":30,"column":4},"end":{"line":32,"column":12}},{"start":{"line":33,"column":4},"end":{"line":35,"column":12}},{"start":{"line":36,"column":4},"end":{"line":38,"column":12}},{"start":{"line":39,"column":4},"end":{"line":41,"column":12}},{"start":{"line":42,"column":4},"end":{"line":43,"column":35}}],"line":5}},"s":{"0":13,"1":1,"2":1,"3":1,"4":1,"5":1,"6":1,"7":1,"8":1,"9":1,"10":1,"11":1,"12":1,"13":1,"14":1,"15":1,"16":1,"17":1,"18":1,"19":1,"20":1,"21":1,"22":1,"23":1,"24":1,"25":1,"26":13,"27":13},"f":{"0":13},"b":{"0":[1,1,1,1,1,1,1,1,1,1,1,1,1]},"_coverageSchema":"1a1c01bbd47fc00a2c39e90264f33305004495a9","hash":"b35ecba11b0a409015a2162148cdc45f65649d5b"}
,"C:\\Users\\Матюшина\\OTUS_10_2024\\src\\HW3\\middleOdd.js": {"path":"C:\\Users\\Матюшина\\OTUS_10_2024\\src\\HW3\\middleOdd.js","statementMap":{"0":{"start":{"line":4,"column":15},"end":{"line":4,"column":16}},"1":{"start":{"line":5,"column":12},"end":{"line":5,"column":13}},"2":{"start":{"line":6,"column":16},"end":{"line":6,"column":38}},"3":{"start":{"line":7,"column":2},"end":{"line":10,"column":3}},"4":{"start":{"line":7,"column":15},"end":{"line":7,"column":16}},"5":{"start":{"line":8,"column":4},"end":{"line":8,"column":13}},"6":{"start":{"line":9,"column":4},"end":{"line":9,"column":16}},"7":{"start":{"line":11,"column":17},"end":{"line":11,"column":29}},"8":{"start":{"line":12,"column":2},"end":{"line":12,"column":22}},"9":{"start":{"line":13,"column":2},"end":{"line":13,"column":16}}},"fnMap":{"0":{"name":"middleOdd","decl":{"start":{"line":3,"column":16},"end":{"line":3,"column":25}},"loc":{"start":{"line":3,"column":29},"end":{"line":14,"column":1}},"line":3}},"branchMap":{"0":{"loc":{"start":{"line":6,"column":16},"end":{"line":6,"column":38}},"type":"cond-expr","locations":[{"start":{"line":6,"column":29},"end":{"line":6,"column":34}},{"start":{"line":6,"column":37},"end":{"line":6,"column":38}}],"line":6}},"s":{"0":3,"1":3,"2":3,"3":3,"4":3,"5":10,"6":10,"7":3,"8":3,"9":3},"f":{"0":3},"b":{"0":[2,1]},"_coverageSchema":"1a1c01bbd47fc00a2c39e90264f33305004495a9","hash":"2b5738fe17a9c84e230928b6ab9ee048b3bb418a"}
,"C:\\Users\\Матюшина\\OTUS_10_2024\\src\\HW3\\multi7.js": {"path":"C:\\Users\\Матюшина\\OTUS_10_2024\\src\\HW3\\multi7.js","statementMap":{"0":{"start":{"line":4,"column":2},"end":{"line":6,"column":3}},"1":{"start":{"line":4,"column":15},"end":{"line":4,"column":16}},"2":{"start":{"line":5,"column":4},"end":{"line":5,"column":39}}},"fnMap":{"0":{"name":"multi7","decl":{"start":{"line":3,"column":16},"end":{"line":3,"column":22}},"loc":{"start":{"line":3,"column":25},"end":{"line":7,"column":1}},"line":3}},"branchMap":{},"s":{"0":1,"1":1,"2":10},"f":{"0":1},"b":{},"_coverageSchema":"1a1c01bbd47fc00a2c39e90264f33305004495a9","hash":"c68f8bed40998cccca169c68b02d6aad8b692d5f"}
,"C:\\Users\\Матюшина\\OTUS_10_2024\\src\\HW3\\sumNumber.js": {"path":"C:\\Users\\Матюшина\\OTUS_10_2024\\src\\HW3\\sumNumber.js","statementMap":{"0":{"start":{"line":4,"column":15},"end":{"line":4,"column":16}},"1":{"start":{"line":5,"column":2},"end":{"line":7,"column":3}},"2":{"start":{"line":5,"column":15},"end":{"line":5,"column":17}},"3":{"start":{"line":6,"column":4},"end":{"line":6,"column":16}},"4":{"start":{"line":8,"column":2},"end":{"line":8,"column":22}},"5":{"start":{"line":9,"column":2},"end":{"line":9,"column":16}}},"fnMap":{"0":{"name":"sumNumber","decl":{"start":{"line":3,"column":16},"end":{"line":3,"column":25}},"loc":{"start":{"line":3,"column":28},"end":{"line":10,"column":1}},"line":3}},"branchMap":{},"s":{"0":1,"1":1,"2":1,"3":51,"4":1,"5":1},"f":{"0":1},"b":{},"_coverageSchema":"1a1c01bbd47fc00a2c39e90264f33305004495a9","hash":"841d416adf57199170a414f014f3426c755ebb64"}
,"C:\\Users\\Матюшина\\OTUS_10_2024\\src\\HW4\\userJohn.js": {"path":"C:\\Users\\Матюшина\\OTUS_10_2024\\src\\HW4\\userJohn.js","statementMap":{"0":{"start":{"line":3,"column":15},"end":{"line":5,"column":3}},"1":{"start":{"line":7,"column":12},"end":{"line":7,"column":42}},"2":{"start":{"line":8,"column":2},"end":{"line":8,"column":10}},"3":{"start":{"line":9,"column":2},"end":{"line":9,"column":17}},"4":{"start":{"line":10,"column":17},"end":{"line":10,"column":21}},"5":{"start":{"line":11,"column":2},"end":{"line":11,"column":22}},"6":{"start":{"line":12,"column":2},"end":{"line":12,"column":16}}},"fnMap":{"0":{"name":"userJohn","decl":{"start":{"line":2,"column":16},"end":{"line":2,"column":24}},"loc":{"start":{"line":2,"column":27},"end":{"line":13,"column":1}},"line":2}},"branchMap":{},"s":{"0":1,"1":1,"2":1,"3":1,"4":1,"5":1,"6":1},"f":{"0":1},"b":{},"_coverageSchema":"1a1c01bbd47fc00a2c39e90264f33305004495a9","hash":"1a0df2b27fdc0c4f6e26488e0f3c78da2c2c7a41"}
,"C:\\Users\\Матюшина\\OTUS_10_2024\\src\\HW4\\userJohnAdmin.js": {"path":"C:\\Users\\Матюшина\\OTUS_10_2024\\src\\HW4\\userJohnAdmin.js","statementMap":{"0":{"start":{"line":4,"column":15},"end":{"line":7,"column":3}},"1":{"start":{"line":8,"column":16},"end":{"line":8,"column":18}},"2":{"start":{"line":10,"column":2},"end":{"line":12,"column":3}},"3":{"start":{"line":11,"column":4},"end":{"line":11,"column":27}},"4":{"start":{"line":13,"column":2},"end":{"line":13,"column":23}},"5":{"start":{"line":14,"column":17},"end":{"line":14,"column":22}},"6":{"start":{"line":15,"column":2},"end":{"line":15,"column":22}},"7":{"start":{"line":16,"column":2},"end":{"line":16,"column":16}}},"fnMap":{"0":{"name":"userJohnAdmin","decl":{"start":{"line":3,"column":16},"end":{"line":3,"column":29}},"loc":{"start":{"line":3,"column":33},"end":{"line":17,"column":1}},"line":3}},"branchMap":{},"s":{"0":3,"1":3,"2":3,"3":6,"4":3,"5":3,"6":3,"7":3},"f":{"0":3},"b":{},"_coverageSchema":"1a1c01bbd47fc00a2c39e90264f33305004495a9","hash":"302e4294effe575675eb831852fc4d349660d1ef"}
,"C:\\Users\\Матюшина\\OTUS_10_2024\\src\\HW5\\elArray.js": {"path":"C:\\Users\\Матюшина\\OTUS_10_2024\\src\\HW5\\elArray.js","statementMap":{"0":{"start":{"line":2,"column":19},"end":{"line":2,"column":55}},"1":{"start":{"line":6,"column":16},"end":{"line":6,"column":46}},"2":{"start":{"line":6,"column":39},"end":{"line":6,"column":45}},"3":{"start":{"line":7,"column":2},"end":{"line":7,"column":21}},"4":{"start":{"line":8,"column":2},"end":{"line":8,"column":15}},"5":{"start":{"line":12,"column":16},"end":{"line":15,"column":3}},"6":{"start":{"line":13,"column":35},"end":{"line":13,"column":61}},"7":{"start":{"line":16,"column":2},"end":{"line":16,"column":21}},"8":{"start":{"line":17,"column":2},"end":{"line":17,"column":15}}},"fnMap":{"0":{"name":"doubleArray","decl":{"start":{"line":5,"column":16},"end":{"line":5,"column":27}},"loc":{"start":{"line":5,"column":30},"end":{"line":9,"column":1}},"line":5},"1":{"name":"(anonymous_1)","decl":{"start":{"line":6,"column":31},"end":{"line":6,"column":32}},"loc":{"start":{"line":6,"column":39},"end":{"line":6,"column":45}},"line":6},"2":{"name":"sumArray","decl":{"start":{"line":11,"column":16},"end":{"line":11,"column":24}},"loc":{"start":{"line":11,"column":27},"end":{"line":18,"column":1}},"line":11},"3":{"name":"(anonymous_3)","decl":{"start":{"line":13,"column":4},"end":{"line":13,"column":5}},"loc":{"start":{"line":13,"column":35},"end":{"line":13,"column":61}},"line":13}},"branchMap":{},"s":{"0":1,"1":1,"2":10,"3":1,"4":1,"5":1,"6":10,"7":1,"8":1},"f":{"0":1,"1":10,"2":1,"3":10},"b":{},"_coverageSchema":"1a1c01bbd47fc00a2c39e90264f33305004495a9","hash":"e00137b0c400eba0250e752d08b5fe3e15994c00"}
,"C:\\Users\\Матюшина\\OTUS_10_2024\\src\\HW6\\diff.js": {"path":"C:\\Users\\Матюшина\\OTUS_10_2024\\src\\HW6\\diff.js","statementMap":{"0":{"start":{"line":3,"column":17},"end":{"line":3,"column":32}},"1":{"start":{"line":4,"column":2},"end":{"line":4,"column":22}},"2":{"start":{"line":5,"column":2},"end":{"line":5,"column":16}}},"fnMap":{"0":{"name":"diff","decl":{"start":{"line":2,"column":16},"end":{"line":2,"column":20}},"loc":{"start":{"line":2,"column":27},"end":{"line":6,"column":1}},"line":2}},"branchMap":{},"s":{"0":3,"1":3,"2":3},"f":{"0":3},"b":{},"_coverageSchema":"1a1c01bbd47fc00a2c39e90264f33305004495a9","hash":"5c1a3a5523b80d54704236ca3a9cb043859a05e5"}
,"C:\\Users\\Матюшина\\OTUS_10_2024\\src\\HW6\\isWord.js": {"path":"C:\\Users\\Матюшина\\OTUS_10_2024\\src\\HW6\\isWord.js","statementMap":{"0":{"start":{"line":7,"column":17},"end":{"line":7,"column":33}},"1":{"start":{"line":8,"column":17},"end":{"line":8,"column":27}},"2":{"start":{"line":9,"column":2},"end":{"line":9,"column":22}},"3":{"start":{"line":10,"column":2},"end":{"line":10,"column":16}}},"fnMap":{"0":{"name":"isWord","decl":{"start":{"line":6,"column":16},"end":{"line":6,"column":22}},"loc":{"start":{"line":6,"column":28},"end":{"line":11,"column":1}},"line":6}},"branchMap":{},"s":{"0":3,"1":3,"2":3,"3":3},"f":{"0":3},"b":{},"_coverageSchema":"1a1c01bbd47fc00a2c39e90264f33305004495a9","hash":"570dca958ba583bce063aa8fcd251979e76dae0e"}
,"C:\\Users\\Матюшина\\OTUS_10_2024\\src\\HW6\\powFunc.js": {"path":"C:\\Users\\Матюшина\\OTUS_10_2024\\src\\HW6\\powFunc.js","statementMap":{"0":{"start":{"line":3,"column":17},"end":{"line":3,"column":23}},"1":{"start":{"line":4,"column":2},"end":{"line":4,"column":22}},"2":{"start":{"line":5,"column":2},"end":{"line":5,"column":16}}},"fnMap":{"0":{"name":"powFunc","decl":{"start":{"line":2,"column":16},"end":{"line":2,"column":23}},"loc":{"start":{"line":2,"column":30},"end":{"line":6,"column":1}},"line":2}},"branchMap":{},"s":{"0":3,"1":3,"2":3},"f":{"0":3},"b":{},"_coverageSchema":"1a1c01bbd47fc00a2c39e90264f33305004495a9","hash":"30ed8cf9f7d51434b26eb6ff25479df22dbf04e6"}
,"C:\\Users\\Матюшина\\OTUS_10_2024\\src\\HW7\\makeList.js": {"path":"C:\\Users\\Матюшина\\OTUS_10_2024\\src\\HW7\\makeList.js","statementMap":{"0":{"start":{"line":2,"column":17},"end":{"line":2,"column":45}},"1":{"start":{"line":3,"column":2},"end":{"line":3,"column":44}},"2":{"start":{"line":4,"column":2},"end":{"line":4,"column":20}},"3":{"start":{"line":6,"column":16},"end":{"line":6,"column":47}},"4":{"start":{"line":7,"column":2},"end":{"line":7,"column":19}},"5":{"start":{"line":9,"column":17},"end":{"line":9,"column":49}},"6":{"start":{"line":10,"column":2},"end":{"line":10,"column":32}},"7":{"start":{"line":11,"column":2},"end":{"line":11,"column":20}},"8":{"start":{"line":12,"column":2},"end":{"line":12,"column":23}},"9":{"start":{"line":14,"column":21},"end":{"line":14,"column":48}},"10":{"start":{"line":15,"column":21},"end":{"line":15,"column":48}},"11":{"start":{"line":16,"column":21},"end":{"line":16,"column":48}},"12":{"start":{"line":18,"column":2},"end":{"line":18,"column":24}},"13":{"start":{"line":19,"column":2},"end":{"line":19,"column":24}},"14":{"start":{"line":20,"column":2},"end":{"line":20,"column":24}},"15":{"start":{"line":22,"column":2},"end":{"line":22,"column":29}},"16":{"start":{"line":23,"column":2},"end":{"line":23,"column":29}},"17":{"start":{"line":24,"column":2},"end":{"line":24,"column":29}},"18":{"start":{"line":26,"column":2},"end":{"line":32,"column":5}},"19":{"start":{"line":27,"column":4},"end":{"line":31,"column":5}},"20":{"start":{"line":28,"column":6},"end":{"line":28,"column":28}},"21":{"start":{"line":30,"column":6},"end":{"line":30,"column":27}},"22":{"start":{"line":34,"column":2},"end":{"line":40,"column":5}},"23":{"start":{"line":35,"column":25},"end":{"line":35,"column":52}},"24":{"start":{"line":36,"column":4},"end":{"line":36,"column":28}},"25":{"start":{"line":37,"column":4},"end":{"line":37,"column":41}},"26":{"start":{"line":38,"column":4},"end":{"line":38,"column":21}},"27":{"start":{"line":39,"column":4},"end":{"line":39,"column":25}},"28":{"start":{"line":42,"column":2},"end":{"line":47,"column":5}},"29":{"start":{"line":43,"column":25},"end":{"line":43,"column":49}},"30":{"start":{"line":44,"column":4},"end":{"line":46,"column":5}},"31":{"start":{"line":45,"column":6},"end":{"line":45,"column":31}}},"fnMap":{"0":{"name":"makeList","decl":{"start":{"line":1,"column":16},"end":{"line":1,"column":24}},"loc":{"start":{"line":1,"column":29},"end":{"line":48,"column":1}},"line":1},"1":{"name":"(anonymous_1)","decl":{"start":{"line":26,"column":34},"end":{"line":26,"column":35}},"loc":{"start":{"line":26,"column":40},"end":{"line":32,"column":3}},"line":26},"2":{"name":"(anonymous_2)","decl":{"start":{"line":34,"column":35},"end":{"line":34,"column":36}},"loc":{"start":{"line":34,"column":41},"end":{"line":40,"column":3}},"line":34},"3":{"name":"(anonymous_3)","decl":{"start":{"line":42,"column":35},"end":{"line":42,"column":36}},"loc":{"start":{"line":42,"column":41},"end":{"line":47,"column":3}},"line":42}},"branchMap":{"0":{"loc":{"start":{"line":27,"column":4},"end":{"line":31,"column":5}},"type":"if","locations":[{"start":{"line":27,"column":4},"end":{"line":31,"column":5}},{"start":{"line":29,"column":11},"end":{"line":31,"column":5}}],"line":27},"1":{"loc":{"start":{"line":44,"column":4},"end":{"line":46,"column":5}},"type":"if","locations":[{"start":{"line":44,"column":4},"end":{"line":46,"column":5}},{"start":{},"end":{}}],"line":44}},"s":{"0":3,"1":3,"2":3,"3":3,"4":3,"5":3,"6":3,"7":3,"8":3,"9":3,"10":3,"11":3,"12":3,"13":3,"14":3,"15":3,"16":3,"17":3,"18":3,"19":0,"20":0,"21":0,"22":3,"23":0,"24":0,"25":0,"26":0,"27":0,"28":3,"29":0,"30":0,"31":0},"f":{"0":3,"1":0,"2":0,"3":0},"b":{"0":[0,0],"1":[0,0]},"_coverageSchema":"1a1c01bbd47fc00a2c39e90264f33305004495a9","hash":"2ae1d38ecb0832da16428ee86105e404c7c75acb"}
,"C:\\Users\\Матюшина\\OTUS_10_2024\\src\\HW8\\dayOfWeek1\\src\\dayOfWeekFind.js": {"path":"C:\\Users\\Матюшина\\OTUS_10_2024\\src\\HW8\\dayOfWeek1\\src\\dayOfWeekFind.js","statementMap":{"0":{"start":{"line":2,"column":21},"end":{"line":10,"column":3}},"1":{"start":{"line":11,"column":23},"end":{"line":11,"column":38}},"2":{"start":{"line":12,"column":18},"end":{"line":16,"column":3}},"3":{"start":{"line":17,"column":19},"end":{"line":17,"column":35}},"4":{"start":{"line":18,"column":23},"end":{"line":18,"column":43}},"5":{"start":{"line":19,"column":2},"end":{"line":19,"column":22}}},"fnMap":{"0":{"name":"dayOfWeekFind","decl":{"start":{"line":1,"column":16},"end":{"line":1,"column":29}},"loc":{"start":{"line":1,"column":36},"end":{"line":20,"column":1}},"line":1}},"branchMap":{},"s":{"0":1,"1":1,"2":1,"3":1,"4":1,"5":1},"f":{"0":1},"b":{},"_coverageSchema":"1a1c01bbd47fc00a2c39e90264f33305004495a9","hash":"8fcc957a2dea0e75e304f547e08c919ce2ee1fac"}
,"C:\\Users\\Матюшина\\OTUS_10_2024\\src\\HW8\\dayOfWeek1\\src\\dayOfWeekUI.js": {"path":"C:\\Users\\Матюшина\\OTUS_10_2024\\src\\HW8\\dayOfWeek1\\src\\dayOfWeekUI.js","statementMap":{"0":{"start":{"line":5,"column":16},"end":{"line":5,"column":47}},"1":{"start":{"line":6,"column":2},"end":{"line":6,"column":22}},"2":{"start":{"line":7,"column":2},"end":{"line":7,"column":19}},"3":{"start":{"line":9,"column":17},"end":{"line":9,"column":49}},"4":{"start":{"line":10,"column":2},"end":{"line":10,"column":41}},"5":{"start":{"line":11,"column":2},"end":{"line":11,"column":20}},"6":{"start":{"line":13,"column":17},"end":{"line":13,"column":49}},"7":{"start":{"line":14,"column":2},"end":{"line":14,"column":47}},"8":{"start":{"line":15,"column":2},"end":{"line":15,"column":20}},"9":{"start":{"line":17,"column":2},"end":{"line":19,"column":5}},"10":{"start":{"line":18,"column":4},"end":{"line":18,"column":66}}},"fnMap":{"0":{"name":"dayOfWeekUI","decl":{"start":{"line":4,"column":16},"end":{"line":4,"column":27}},"loc":{"start":{"line":4,"column":32},"end":{"line":20,"column":1}},"line":4},"1":{"name":"(anonymous_1)","decl":{"start":{"line":17,"column":35},"end":{"line":17,"column":36}},"loc":{"start":{"line":17,"column":41},"end":{"line":19,"column":3}},"line":17}},"branchMap":{},"s":{"0":2,"1":2,"2":2,"3":2,"4":2,"5":2,"6":2,"7":2,"8":2,"9":2,"10":0},"f":{"0":2,"1":0},"b":{},"_coverageSchema":"1a1c01bbd47fc00a2c39e90264f33305004495a9","hash":"f5b4d9fe90a37c549d698c55a38999450c344128"}
,"C:\\Users\\Матюшина\\OTUS_10_2024\\src\\HW8\\howManyMinutes\\howManyMinutes.js": {"path":"C:\\Users\\Матюшина\\OTUS_10_2024\\src\\HW8\\howManyMinutes\\howManyMinutes.js","statementMap":{"0":{"start":{"line":5,"column":18},"end":{"line":5,"column":28}},"1":{"start":{"line":6,"column":2},"end":{"line":6,"column":62}}},"fnMap":{"0":{"name":"howManyMinutes","decl":{"start":{"line":4,"column":9},"end":{"line":4,"column":23}},"loc":{"start":{"line":4,"column":26},"end":{"line":7,"column":1}},"line":4}},"branchMap":{},"s":{"0":0,"1":0},"f":{"0":0},"b":{},"_coverageSchema":"1a1c01bbd47fc00a2c39e90264f33305004495a9","hash":"5b55f3d6a3e2e09c1ece87bc2820ab6b6d5deec4"}
,"C:\\Users\\Матюшина\\OTUS_10_2024\\src\\HW8\\whoIsYounger\\src\\whoIsYoungerFind.js": {"path":"C:\\Users\\Матюшина\\OTUS_10_2024\\src\\HW8\\whoIsYounger\\src\\whoIsYoungerFind.js","statementMap":{"0":{"start":{"line":3,"column":32},"end":{"line":3,"column":52}},"1":{"start":{"line":4,"column":27},"end":{"line":8,"column":3}},"2":{"start":{"line":9,"column":33},"end":{"line":9,"column":54}},"3":{"start":{"line":10,"column":28},"end":{"line":14,"column":3}},"4":{"start":{"line":15,"column":20},"end":{"line":15,"column":76}},"5":{"start":{"line":16,"column":2},"end":{"line":27,"column":3}},"6":{"start":{"line":18,"column":6},"end":{"line":18,"column":31}},"7":{"start":{"line":19,"column":6},"end":{"line":19,"column":12}},"8":{"start":{"line":22,"column":6},"end":{"line":22,"column":31}},"9":{"start":{"line":23,"column":6},"end":{"line":23,"column":12}},"10":{"start":{"line":26,"column":6},"end":{"line":26,"column":31}},"11":{"start":{"line":28,"column":2},"end":{"line":28,"column":16}}},"fnMap":{"0":{"name":"whoIsYoungerFind","decl":{"start":{"line":1,"column":16},"end":{"line":1,"column":32}},"loc":{"start":{"line":1,"column":56},"end":{"line":29,"column":1}},"line":1}},"branchMap":{"0":{"loc":{"start":{"line":16,"column":2},"end":{"line":27,"column":3}},"type":"switch","locations":[{"start":{"line":17,"column":4},"end":{"line":19,"column":12}},{"start":{"line":21,"column":4},"end":{"line":23,"column":12}},{"start":{"line":25,"column":4},"end":{"line":26,"column":31}}],"line":16}},"s":{"0":3,"1":3,"2":3,"3":3,"4":3,"5":3,"6":1,"7":1,"8":1,"9":1,"10":1,"11":3},"f":{"0":3},"b":{"0":[1,1,1]},"_coverageSchema":"1a1c01bbd47fc00a2c39e90264f33305004495a9","hash":"4be125e3394e7056c1d22c90d6ccb86a540922f7"}
,"C:\\Users\\Матюшина\\OTUS_10_2024\\src\\HW8\\whoIsYounger\\src\\whoIsYoungerUI.js": {"path":"C:\\Users\\Матюшина\\OTUS_10_2024\\src\\HW8\\whoIsYounger\\src\\whoIsYoungerUI.js","statementMap":{"0":{"start":{"line":11,"column":21},"end":{"line":11,"column":52}},"1":{"start":{"line":12,"column":2},"end":{"line":12,"column":27}},"2":{"start":{"line":13,"column":2},"end":{"line":13,"column":24}},"3":{"start":{"line":15,"column":22},"end":{"line":15,"column":53}},"4":{"start":{"line":16,"column":2},"end":{"line":16,"column":28}},"5":{"start":{"line":17,"column":2},"end":{"line":17,"column":25}},"6":{"start":{"line":19,"column":17},"end":{"line":19,"column":49}},"7":{"start":{"line":20,"column":2},"end":{"line":20,"column":34}},"8":{"start":{"line":21,"column":2},"end":{"line":21,"column":20}},"9":{"start":{"line":23,"column":17},"end":{"line":23,"column":49}},"10":{"start":{"line":24,"column":2},"end":{"line":24,"column":47}},"11":{"start":{"line":25,"column":2},"end":{"line":25,"column":20}},"12":{"start":{"line":27,"column":2},"end":{"line":32,"column":5}},"13":{"start":{"line":28,"column":4},"end":{"line":31,"column":14}}},"fnMap":{"0":{"name":"whoIsYoungerUI","decl":{"start":{"line":10,"column":16},"end":{"line":10,"column":30}},"loc":{"start":{"line":10,"column":35},"end":{"line":33,"column":1}},"line":10},"1":{"name":"(anonymous_1)","decl":{"start":{"line":27,"column":35},"end":{"line":27,"column":36}},"loc":{"start":{"line":27,"column":47},"end":{"line":32,"column":3}},"line":27}},"branchMap":{},"s":{"0":2,"1":2,"2":2,"3":2,"4":2,"5":2,"6":2,"7":2,"8":2,"9":2,"10":2,"11":2,"12":2,"13":0},"f":{"0":2,"1":0},"b":{},"_coverageSchema":"1a1c01bbd47fc00a2c39e90264f33305004495a9","hash":"1f4ba6cd141722a2bede0da985c72329898d82e8"}
,"C:\\Users\\Матюшина\\OTUS_10_2024\\src\\HW9\\circleRadius\\src\\circleRadiusFind.js": {"path":"C:\\Users\\Матюшина\\OTUS_10_2024\\src\\HW9\\circleRadius\\src\\circleRadiusFind.js","statementMap":{"0":{"start":{"line":2,"column":17},"end":{"line":2,"column":44}},"1":{"start":{"line":3,"column":16},"end":{"line":3,"column":36}},"2":{"start":{"line":4,"column":2},"end":{"line":4,"column":29}},"3":{"start":{"line":5,"column":23},"end":{"line":5,"column":82}},"4":{"start":{"line":6,"column":2},"end":{"line":6,"column":22}}},"fnMap":{"0":{"name":"circleRadiusFind","decl":{"start":{"line":1,"column":16},"end":{"line":1,"column":32}},"loc":{"start":{"line":1,"column":41},"end":{"line":7,"column":1}},"line":1}},"branchMap":{},"s":{"0":3,"1":3,"2":3,"3":3,"4":3},"f":{"0":3},"b":{},"_coverageSchema":"1a1c01bbd47fc00a2c39e90264f33305004495a9","hash":"8dd334ea8e2571a4fb20a5c10a845bcf4918b801"}
,"C:\\Users\\Матюшина\\OTUS_10_2024\\src\\HW9\\circleRadius\\src\\circleRadiusUI.js": {"path":"C:\\Users\\Матюшина\\OTUS_10_2024\\src\\HW9\\circleRadius\\src\\circleRadiusUI.js","statementMap":{"0":{"start":{"line":7,"column":16},"end":{"line":7,"column":47}},"1":{"start":{"line":8,"column":2},"end":{"line":8,"column":24}},"2":{"start":{"line":9,"column":2},"end":{"line":9,"column":19}},"3":{"start":{"line":11,"column":17},"end":{"line":11,"column":49}},"4":{"start":{"line":12,"column":2},"end":{"line":12,"column":31}},"5":{"start":{"line":13,"column":2},"end":{"line":13,"column":20}},"6":{"start":{"line":15,"column":17},"end":{"line":15,"column":49}},"7":{"start":{"line":16,"column":2},"end":{"line":16,"column":48}},"8":{"start":{"line":17,"column":2},"end":{"line":17,"column":20}},"9":{"start":{"line":19,"column":2},"end":{"line":21,"column":5}},"10":{"start":{"line":20,"column":4},"end":{"line":20,"column":69}}},"fnMap":{"0":{"name":"circleRadiusUI","decl":{"start":{"line":6,"column":16},"end":{"line":6,"column":30}},"loc":{"start":{"line":6,"column":35},"end":{"line":22,"column":1}},"line":6},"1":{"name":"(anonymous_1)","decl":{"start":{"line":19,"column":35},"end":{"line":19,"column":36}},"loc":{"start":{"line":19,"column":41},"end":{"line":21,"column":3}},"line":19}},"branchMap":{},"s":{"0":2,"1":2,"2":2,"3":2,"4":2,"5":2,"6":2,"7":2,"8":2,"9":2,"10":0},"f":{"0":2,"1":0},"b":{},"_coverageSchema":"1a1c01bbd47fc00a2c39e90264f33305004495a9","hash":"7aad22dcfee131b5a78352a6e21ddbaeab7a16cd"}
,"C:\\Users\\Матюшина\\OTUS_10_2024\\src\\HW9\\quadraticEquation\\src\\quadraticEquationFind.js": {"path":"C:\\Users\\Матюшина\\OTUS_10_2024\\src\\HW9\\quadraticEquation\\src\\quadraticEquationFind.js","statementMap":{"0":{"start":{"line":6,"column":23},"end":{"line":6,"column":40}},"1":{"start":{"line":7,"column":2},"end":{"line":7,"column":28}},"2":{"start":{"line":8,"column":2},"end":{"line":17,"column":3}},"3":{"start":{"line":9,"column":4},"end":{"line":9,"column":26}},"4":{"start":{"line":10,"column":9},"end":{"line":17,"column":3}},"5":{"start":{"line":11,"column":4},"end":{"line":11,"column":57}},"6":{"start":{"line":12,"column":4},"end":{"line":12,"column":46}},"7":{"start":{"line":14,"column":4},"end":{"line":14,"column":57}},"8":{"start":{"line":15,"column":4},"end":{"line":15,"column":58}},"9":{"start":{"line":16,"column":4},"end":{"line":16,"column":60}},"10":{"start":{"line":18,"column":2},"end":{"line":18,"column":16}}},"fnMap":{"0":{"name":"quadraticEquationFind","decl":{"start":{"line":2,"column":16},"end":{"line":2,"column":37}},"loc":{"start":{"line":2,"column":47},"end":{"line":19,"column":1}},"line":2}},"branchMap":{"0":{"loc":{"start":{"line":8,"column":2},"end":{"line":17,"column":3}},"type":"if","locations":[{"start":{"line":8,"column":2},"end":{"line":17,"column":3}},{"start":{"line":10,"column":9},"end":{"line":17,"column":3}}],"line":8},"1":{"loc":{"start":{"line":10,"column":9},"end":{"line":17,"column":3}},"type":"if","locations":[{"start":{"line":10,"column":9},"end":{"line":17,"column":3}},{"start":{"line":13,"column":9},"end":{"line":17,"column":3}}],"line":10}},"s":{"0":3,"1":3,"2":3,"3":1,"4":2,"5":1,"6":1,"7":1,"8":1,"9":1,"10":3},"f":{"0":3},"b":{"0":[1,2],"1":[1,1]},"_coverageSchema":"1a1c01bbd47fc00a2c39e90264f33305004495a9","hash":"5dc1d5eda51e2bea2f436787ac12dbb018981d0c"}
,"C:\\Users\\Матюшина\\OTUS_10_2024\\src\\HW9\\quadraticEquation\\src\\quadraticEquationUI.js": {"path":"C:\\Users\\Матюшина\\OTUS_10_2024\\src\\HW9\\quadraticEquation\\src\\quadraticEquationUI.js","statementMap":{"0":{"start":{"line":8,"column":17},"end":{"line":8,"column":46}},"1":{"start":{"line":9,"column":2},"end":{"line":9,"column":44}},"2":{"start":{"line":10,"column":2},"end":{"line":10,"column":20}},"3":{"start":{"line":12,"column":17},"end":{"line":12,"column":48}},"4":{"start":{"line":13,"column":2},"end":{"line":13,"column":25}},"5":{"start":{"line":14,"column":2},"end":{"line":14,"column":20}},"6":{"start":{"line":16,"column":17},"end":{"line":16,"column":48}},"7":{"start":{"line":17,"column":2},"end":{"line":17,"column":25}},"8":{"start":{"line":18,"column":2},"end":{"line":18,"column":20}},"9":{"start":{"line":20,"column":17},"end":{"line":20,"column":48}},"10":{"start":{"line":21,"column":2},"end":{"line":21,"column":25}},"11":{"start":{"line":22,"column":2},"end":{"line":22,"column":20}},"12":{"start":{"line":24,"column":17},"end":{"line":24,"column":49}},"13":{"start":{"line":25,"column":2},"end":{"line":25,"column":31}},"14":{"start":{"line":26,"column":2},"end":{"line":26,"column":20}},"15":{"start":{"line":28,"column":17},"end":{"line":28,"column":49}},"16":{"start":{"line":29,"column":2},"end":{"line":29,"column":48}},"17":{"start":{"line":30,"column":2},"end":{"line":30,"column":20}},"18":{"start":{"line":32,"column":2},"end":{"line":38,"column":5}},"19":{"start":{"line":33,"column":4},"end":{"line":37,"column":14}}},"fnMap":{"0":{"name":"quadraticEquationUI","decl":{"start":{"line":7,"column":16},"end":{"line":7,"column":35}},"loc":{"start":{"line":7,"column":40},"end":{"line":39,"column":1}},"line":7},"1":{"name":"(anonymous_1)","decl":{"start":{"line":32,"column":35},"end":{"line":32,"column":36}},"loc":{"start":{"line":32,"column":41},"end":{"line":38,"column":3}},"line":32}},"branchMap":{},"s":{"0":2,"1":2,"2":2,"3":2,"4":2,"5":2,"6":2,"7":2,"8":2,"9":2,"10":2,"11":2,"12":2,"13":2,"14":2,"15":2,"16":2,"17":2,"18":2,"19":0},"f":{"0":2,"1":0},"b":{},"_coverageSchema":"1a1c01bbd47fc00a2c39e90264f33305004495a9","hash":"96fc1c935c7a403ebb198197d97a7a65e0458bd0"}
,"C:\\Users\\Матюшина\\OTUS_10_2024\\src\\HW9\\rightTriangle\\src\\rightTriangleFind.js": {"path":"C:\\Users\\Матюшина\\OTUS_10_2024\\src\\HW9\\rightTriangle\\src\\rightTriangleFind.js","statementMap":{"0":{"start":{"line":6,"column":2},"end":{"line":6,"column":18}},"1":{"start":{"line":7,"column":2},"end":{"line":7,"column":19}},"2":{"start":{"line":8,"column":2},"end":{"line":10,"column":33}},"3":{"start":{"line":11,"column":2},"end":{"line":11,"column":16}}},"fnMap":{"0":{"name":"rightTriangleFind","decl":{"start":{"line":3,"column":16},"end":{"line":3,"column":33}},"loc":{"start":{"line":3,"column":43},"end":{"line":12,"column":1}},"line":3}},"branchMap":{"0":{"loc":{"start":{"line":8,"column":2},"end":{"line":10,"column":32}},"type":"cond-expr","locations":[{"start":{"line":9,"column":7},"end":{"line":9,"column":28}},{"start":{"line":10,"column":7},"end":{"line":10,"column":31}}],"line":8}},"s":{"0":3,"1":3,"2":3,"3":3},"f":{"0":3},"b":{"0":[1,2]},"_coverageSchema":"1a1c01bbd47fc00a2c39e90264f33305004495a9","hash":"0059092ef7bc7281dd6492eb3a3e555672db45eb"}
,"C:\\Users\\Матюшина\\OTUS_10_2024\\src\\HW9\\rightTriangle\\src\\rightTriangleUI.js": {"path":"C:\\Users\\Матюшина\\OTUS_10_2024\\src\\HW9\\rightTriangle\\src\\rightTriangleUI.js","statementMap":{"0":{"start":{"line":7,"column":17},"end":{"line":7,"column":46}},"1":{"start":{"line":8,"column":2},"end":{"line":8,"column":38}},"2":{"start":{"line":9,"column":2},"end":{"line":9,"column":20}},"3":{"start":{"line":11,"column":17},"end":{"line":11,"column":48}},"4":{"start":{"line":12,"column":2},"end":{"line":12,"column":25}},"5":{"start":{"line":13,"column":2},"end":{"line":13,"column":20}},"6":{"start":{"line":15,"column":17},"end":{"line":15,"column":48}},"7":{"start":{"line":16,"column":2},"end":{"line":16,"column":25}},"8":{"start":{"line":17,"column":2},"end":{"line":17,"column":20}},"9":{"start":{"line":19,"column":17},"end":{"line":19,"column":48}},"10":{"start":{"line":20,"column":2},"end":{"line":20,"column":25}},"11":{"start":{"line":21,"column":2},"end":{"line":21,"column":20}},"12":{"start":{"line":23,"column":17},"end":{"line":23,"column":49}},"13":{"start":{"line":24,"column":2},"end":{"line":24,"column":33}},"14":{"start":{"line":25,"column":2},"end":{"line":25,"column":20}},"15":{"start":{"line":27,"column":17},"end":{"line":27,"column":49}},"16":{"start":{"line":28,"column":2},"end":{"line":28,"column":44}},"17":{"start":{"line":29,"column":2},"end":{"line":29,"column":20}},"18":{"start":{"line":31,"column":2},"end":{"line":37,"column":5}},"19":{"start":{"line":32,"column":4},"end":{"line":36,"column":14}}},"fnMap":{"0":{"name":"rightTriangleUI","decl":{"start":{"line":6,"column":16},"end":{"line":6,"column":31}},"loc":{"start":{"line":6,"column":36},"end":{"line":38,"column":1}},"line":6},"1":{"name":"(anonymous_1)","decl":{"start":{"line":31,"column":35},"end":{"line":31,"column":36}},"loc":{"start":{"line":31,"column":41},"end":{"line":37,"column":3}},"line":31}},"branchMap":{},"s":{"0":2,"1":2,"2":2,"3":2,"4":2,"5":2,"6":2,"7":2,"8":2,"9":2,"10":2,"11":2,"12":2,"13":2,"14":2,"15":2,"16":2,"17":2,"18":2,"19":0},"f":{"0":2,"1":0},"b":{},"_coverageSchema":"1a1c01bbd47fc00a2c39e90264f33305004495a9","hash":"e1c5c19bd5b29abbdc341a93b353a2e71c6be4c5"}
}
