TN:
SF:src\HW\askUser.js
FN:5,askUser1
FNF:1
FNH:1
FNDA:3,askUser1
DA:6,3
DA:7,3
DA:8,3
DA:9,3
DA:10,9
DA:12,3
DA:13,3
LF:7
LH:7
BRF:0
BRH:0
end_of_record
TN:
SF:src\HW\howManySimbols.js
FN:3,howManySimbols
FNF:1
FNH:1
FNDA:3,howManySimbols
DA:4,3
DA:5,3
DA:6,3
LF:3
LH:3
BRF:0
BRH:0
end_of_record
TN:
SF:src\HW\sum1.js
FN:2,sum
FN:6,mult
FNF:2
FNH:2
FNDA:3,sum
FNDA:3,mult
DA:3,3
DA:4,3
DA:7,3
DA:8,3
LF:4
LH:4
BRF:0
BRH:0
end_of_record
TN:
SF:src\HW2\circleSquare.js
FN:2,circleSquare
FNF:1
FNH:1
FNDA:3,circleSquare
DA:3,3
DA:4,3
DA:5,3
DA:6,3
DA:7,3
LF:5
LH:5
BRDA:5,0,0,2
BRDA:5,0,1,1
BRF:2
BRH:2
end_of_record
TN:
SF:src\HW2\max_min.js
FN:2,maxMin1
FNF:1
FNH:1
FNDA:3,maxMin1
DA:3,3
DA:4,3
DA:5,3
LF:3
LH:3
BRDA:3,0,0,1
BRDA:3,0,1,2
BRF:2
BRH:2
end_of_record
TN:
SF:src\HW2\month.js
FN:3,month
FNF:1
FNH:1
FNDA:4,month
DA:5,4
DA:7,0
DA:8,0
DA:10,1
DA:11,1
DA:13,2
DA:14,2
DA:16,0
DA:17,0
DA:19,0
DA:20,0
DA:22,0
DA:23,0
DA:25,0
DA:26,0
DA:28,0
DA:29,0
DA:31,0
DA:32,0
DA:34,0
DA:35,0
DA:37,0
DA:38,0
DA:40,0
DA:41,0
DA:43,1
DA:45,4
DA:46,4
DA:48,1
LF:29
LH:9
BRDA:5,0,0,0
BRDA:5,0,1,1
BRDA:5,0,2,2
BRDA:5,0,3,0
BRDA:5,0,4,0
BRDA:5,0,5,0
BRDA:5,0,6,0
BRDA:5,0,7,0
BRDA:5,0,8,0
BRDA:5,0,9,0
BRDA:5,0,10,0
BRDA:5,0,11,0
BRDA:5,0,12,1
BRF:13
BRH:3
end_of_record
