TN:
SF:src\HW\askUser.js
FN:5,askUser1
FNF:1
FNH:1
FNDA:3,askUser1
DA:6,3
DA:7,3
DA:8,3
DA:9,3
DA:10,9
DA:12,3
DA:13,3
LF:7
LH:7
BRF:0
BRH:0
end_of_record
TN:
SF:src\HW\howManySimbols.js
FN:3,howManySimbols
FNF:1
FNH:1
FNDA:3,howManySimbols
DA:4,3
DA:5,3
DA:6,3
LF:3
LH:3
BRF:0
BRH:0
end_of_record
TN:
SF:src\HW\sum1.js
FN:2,sum
FN:6,mult
FNF:2
FNH:2
FNDA:3,sum
FNDA:3,mult
DA:3,3
DA:4,3
DA:7,3
DA:8,3
LF:4
LH:4
BRF:0
BRH:0
end_of_record
TN:
SF:src\HW2\circleSquare.js
FN:2,circleSquare
FNF:1
FNH:1
FNDA:3,circleSquare
DA:3,3
DA:4,3
DA:5,3
DA:6,3
DA:7,3
LF:5
LH:5
BRDA:5,0,0,2
BRDA:5,0,1,1
BRF:2
BRH:2
end_of_record
TN:
SF:src\HW2\max_min.js
FN:2,maxMin1
FNF:1
FNH:1
FNDA:3,maxMin1
DA:3,3
DA:4,3
DA:5,3
LF:3
LH:3
BRDA:3,0,0,1
BRDA:3,0,1,2
BRF:2
BRH:2
end_of_record
TN:
SF:src\HW2\month.js
FN:3,month
FNF:1
FNH:1
FNDA:13,month
DA:5,13
DA:7,1
DA:8,1
DA:10,1
DA:11,1
DA:13,1
DA:14,1
DA:16,1
DA:17,1
DA:19,1
DA:20,1
DA:22,1
DA:23,1
DA:25,1
DA:26,1
DA:28,1
DA:29,1
DA:31,1
DA:32,1
DA:34,1
DA:35,1
DA:37,1
DA:38,1
DA:40,1
DA:41,1
DA:43,1
DA:45,13
DA:46,13
LF:28
LH:28
BRDA:5,0,0,1
BRDA:5,0,1,1
BRDA:5,0,2,1
BRDA:5,0,3,1
BRDA:5,0,4,1
BRDA:5,0,5,1
BRDA:5,0,6,1
BRDA:5,0,7,1
BRDA:5,0,8,1
BRDA:5,0,9,1
BRDA:5,0,10,1
BRDA:5,0,11,1
BRDA:5,0,12,1
BRF:13
BRH:13
end_of_record
TN:
SF:src\HW3\middleOdd.js
FN:3,middleOdd
FNF:1
FNH:1
FNDA:3,middleOdd
DA:4,3
DA:5,3
DA:6,3
DA:7,3
DA:8,10
DA:9,10
DA:11,3
DA:12,3
DA:13,3
LF:9
LH:9
BRDA:6,0,0,2
BRDA:6,0,1,1
BRF:2
BRH:2
end_of_record
TN:
SF:src\HW3\multi7.js
FN:3,multi7
FNF:1
FNH:1
FNDA:1,multi7
DA:4,1
DA:5,10
LF:2
LH:2
BRF:0
BRH:0
end_of_record
TN:
SF:src\HW3\sumNumber.js
FN:3,sumNumber
FNF:1
FNH:1
FNDA:1,sumNumber
DA:4,1
DA:5,1
DA:6,51
DA:8,1
DA:9,1
LF:5
LH:5
BRF:0
BRH:0
end_of_record
TN:
SF:src\HW4\userJohn.js
FN:2,userJohn
FNF:1
FNH:1
FNDA:1,userJohn
DA:3,1
DA:7,1
DA:8,1
DA:9,1
DA:10,1
DA:11,1
DA:12,1
LF:7
LH:7
BRF:0
BRH:0
end_of_record
TN:
SF:src\HW4\userJohnAdmin.js
FN:3,userJohnAdmin
FNF:1
FNH:1
FNDA:3,userJohnAdmin
DA:4,3
DA:8,3
DA:10,3
DA:11,6
DA:13,3
DA:14,3
DA:15,3
DA:16,3
LF:8
LH:8
BRF:0
BRH:0
end_of_record
TN:
SF:src\HW5\elArray.js
FN:5,doubleArray
FN:6,(anonymous_1)
FN:11,sumArray
FN:13,(anonymous_3)
FNF:4
FNH:4
FNDA:1,doubleArray
FNDA:10,(anonymous_1)
FNDA:1,sumArray
FNDA:10,(anonymous_3)
DA:2,1
DA:6,10
DA:7,1
DA:8,1
DA:12,1
DA:13,10
DA:16,1
DA:17,1
LF:8
LH:8
BRF:0
BRH:0
end_of_record
TN:
SF:src\HW6\diff.js
FN:2,diff
FNF:1
FNH:1
FNDA:3,diff
DA:3,3
DA:4,3
DA:5,3
LF:3
LH:3
BRF:0
BRH:0
end_of_record
TN:
SF:src\HW6\isWord.js
FN:6,isWord
FNF:1
FNH:1
FNDA:3,isWord
DA:7,3
DA:8,3
DA:9,3
DA:10,3
LF:4
LH:4
BRF:0
BRH:0
end_of_record
TN:
SF:src\HW6\powFunc.js
FN:2,powFunc
FNF:1
FNH:1
FNDA:3,powFunc
DA:3,3
DA:4,3
DA:5,3
LF:3
LH:3
BRF:0
BRH:0
end_of_record
TN:
SF:src\HW7\makeList.js
FN:1,makeList
FN:26,(anonymous_1)
FN:34,(anonymous_2)
FN:42,(anonymous_3)
FNF:4
FNH:1
FNDA:3,makeList
FNDA:0,(anonymous_1)
FNDA:0,(anonymous_2)
FNDA:0,(anonymous_3)
DA:2,3
DA:3,3
DA:4,3
DA:6,3
DA:7,3
DA:9,3
DA:10,3
DA:11,3
DA:12,3
DA:14,3
DA:15,3
DA:16,3
DA:18,3
DA:19,3
DA:20,3
DA:22,3
DA:23,3
DA:24,3
DA:26,3
DA:27,0
DA:28,0
DA:30,0
DA:34,3
DA:35,0
DA:36,0
DA:37,0
DA:38,0
DA:39,0
DA:42,3
DA:43,0
DA:44,0
DA:45,0
LF:32
LH:21
BRDA:27,0,0,0
BRDA:27,0,1,0
BRDA:44,1,0,0
BRDA:44,1,1,0
BRF:4
BRH:0
end_of_record
